SELECT * FROM users WHERE id = 1;
SELECT * FROM users WHERE id = 2;
SELECT * FROM users WHERE id = 100;
SELECT * FROM users WHERE id = 999;
SELECT id, name FROM users WHERE id = 1;
SELECT * FROM phones WHERE user_id = 1005 AND date > '2023-09-27';
SELECT id, name FROM users WHERE id = 100;
SELECT id, name, phone FROM users WHERE id = 199;
SELECT email FROM users WHERE id = 9;
SELECT email FROM users WHERE id = 29;
SELECT * FROM phones WHERE user_id = 1001;
SELECT email FROM users WHERE id = 67;
SELECT * FROM users WHERE id = 54;
SELECT email FROM users WHERE id = 9;
SELECT * FROM phones WHERE user_id = 1002;
SELECT * FROM phones WHERE user_id = 1004;
SELECT * FROM users WHERE id = 200;
SELECT * FROM phones WHERE  date > '2023-09-27' AND user_id = 1004;
SELECT id, phone FROM phones WHERE user_id = 1004 AND date > '2023-09-27';
SELECT id, phone FROM phones WHERE user_id = 1004 AND date > '2023-09-27';
SELECT * FROM users WHERE id = 7;
